<?xml version="1.0" encoding="UTF-8"?>
<testng-results ignored="0" total="1" passed="1" failed="0" skipped="0">
  <reporter-output>
  </reporter-output>
  <suite started-at="2024-03-25T19:40:00 IST" name="Default suite" finished-at="2024-03-25T19:40:23 IST" duration-ms="22728">
    <groups>
    </groups>
    <test started-at="2024-03-25T19:40:00 IST" name="Default test" finished-at="2024-03-25T19:40:23 IST" duration-ms="22728">
      <class name="com.naukari.Login">
        <test-method signature="uploadFile()[pri:0, instance:com.naukari.Login@51e69659]" started-at="2024-03-25T19:40:00 IST" name="uploadFile" finished-at="2024-03-25T19:40:23 IST" duration-ms="22614" status="PASS">
          <reporter-output>
          </reporter-output>
        </test-method> <!-- uploadFile -->
      </class> <!-- com.naukari.Login -->
    </test> <!-- Default test -->
  </suite> <!-- Default suite -->
</testng-results>
